<?xml version="1.0" encoding="UTF-8"?>
<!-- Generated by org.testng.reporters.JUnitXMLReporter -->
<testsuite ignored="0" hostname="DESKTOP-F6BA6C8" failures="0" tests="7" name="Default test" time="106.517" errors="0" timestamp="2024-03-27T21:28:20 IST">
  <testcase classname="WorkingWithreadData.ReadMultipleDataFromDemoWebShop" name="registerUser" time="23.71"/>
  <testcase classname="WorkingWithreadData.ReadMultipleDataFromDemoWebShop" name="registerUser" time="12.607"/>
  <testcase classname="WorkingWithreadData.ReadMultipleDataFromDemoWebShop" name="registerUser" time="14.289"/>
  <testcase classname="WorkingWithreadData.ReadMultipleDataFromDemoWebShop" name="registerUser" time="11.886"/>
  <testcase classname="WorkingWithreadData.ReadMultipleDataFromDemoWebShop" name="registerUser" time="13.227"/>
  <testcase classname="WorkingWithreadData.ReadMultipleDataFromDemoWebShop" name="registerUser" time="14.24"/>
  <testcase classname="WorkingWithreadData.ReadMultipleDataFromDemoWebShop" name="registerUser" time="15.161"/>
</testsuite> <!-- Default test -->
