<?xml version="1.0" encoding="UTF-8"?>
<testng-results ignored="0" total="7" passed="7" failed="0" skipped="0">
  <reporter-output>
  </reporter-output>
  <suite started-at="2024-03-27T21:26:34 IST" name="Default suite" finished-at="2024-03-27T21:28:20 IST" duration-ms="106517">
    <groups>
    </groups>
    <test started-at="2024-03-27T21:26:34 IST" name="Default test" finished-at="2024-03-27T21:28:20 IST" duration-ms="106517">
      <class name="WorkingWithreadData.ReadMultipleDataFromDemoWebShop">
        <test-method signature="registerUser([Ljava.lang.String;)[pri:0, instance:WorkingWithreadData.ReadMultipleDataFromDemoWebShop@69e1dd28]" started-at="2024-03-27T21:26:35 IST" name="registerUser" data-provider="registerdata" finished-at="2024-03-27T21:26:59 IST" duration-ms="23710" status="PASS">
          <params>
            <param index="0">
              <value>
                <![CDATA[[Ljava.lang.String;@2b6a0ea9]]>
              </value>
            </param>
          </params>
          <reporter-output>
          </reporter-output>
        </test-method> <!-- registerUser -->
        <test-method signature="registerUser([Ljava.lang.String;)[pri:0, instance:WorkingWithreadData.ReadMultipleDataFromDemoWebShop@69e1dd28]" started-at="2024-03-27T21:26:59 IST" name="registerUser" data-provider="registerdata" finished-at="2024-03-27T21:27:11 IST" duration-ms="12607" status="PASS">
          <params>
            <param index="0">
              <value>
                <![CDATA[[Ljava.lang.String;@6cd15072]]>
              </value>
            </param>
          </params>
          <reporter-output>
          </reporter-output>
        </test-method> <!-- registerUser -->
        <test-method signature="registerUser([Ljava.lang.String;)[pri:0, instance:WorkingWithreadData.ReadMultipleDataFromDemoWebShop@69e1dd28]" started-at="2024-03-27T21:27:11 IST" name="registerUser" data-provider="registerdata" finished-at="2024-03-27T21:27:26 IST" duration-ms="14289" status="PASS">
          <params>
            <param index="0">
              <value>
                <![CDATA[[Ljava.lang.String;@4dde8976]]>
              </value>
            </param>
          </params>
          <reporter-output>
          </reporter-output>
        </test-method> <!-- registerUser -->
        <test-method signature="registerUser([Ljava.lang.String;)[pri:0, instance:WorkingWithreadData.ReadMultipleDataFromDemoWebShop@69e1dd28]" started-at="2024-03-27T21:27:26 IST" name="registerUser" data-provider="registerdata" finished-at="2024-03-27T21:27:38 IST" duration-ms="11886" status="PASS">
          <params>
            <param index="0">
              <value>
                <![CDATA[[Ljava.lang.String;@3c0e00a8]]>
              </value>
            </param>
          </params>
          <reporter-output>
          </reporter-output>
        </test-method> <!-- registerUser -->
        <test-method signature="registerUser([Ljava.lang.String;)[pri:0, instance:WorkingWithreadData.ReadMultipleDataFromDemoWebShop@69e1dd28]" started-at="2024-03-27T21:27:38 IST" name="registerUser" data-provider="registerdata" finished-at="2024-03-27T21:27:51 IST" duration-ms="13227" status="PASS">
          <params>
            <param index="0">
              <value>
                <![CDATA[[Ljava.lang.String;@1860f3be]]>
              </value>
            </param>
          </params>
          <reporter-output>
          </reporter-output>
        </test-method> <!-- registerUser -->
        <test-method signature="registerUser([Ljava.lang.String;)[pri:0, instance:WorkingWithreadData.ReadMultipleDataFromDemoWebShop@69e1dd28]" started-at="2024-03-27T21:27:51 IST" name="registerUser" data-provider="registerdata" finished-at="2024-03-27T21:28:05 IST" duration-ms="14240" status="PASS">
          <params>
            <param index="0">
              <value>
                <![CDATA[[Ljava.lang.String;@78cfa264]]>
              </value>
            </param>
          </params>
          <reporter-output>
          </reporter-output>
        </test-method> <!-- registerUser -->
        <test-method signature="registerUser([Ljava.lang.String;)[pri:0, instance:WorkingWithreadData.ReadMultipleDataFromDemoWebShop@69e1dd28]" started-at="2024-03-27T21:28:05 IST" name="registerUser" data-provider="registerdata" finished-at="2024-03-27T21:28:20 IST" duration-ms="15161" status="PASS">
          <params>
            <param index="0">
              <value>
                <![CDATA[[Ljava.lang.String;@3408f695]]>
              </value>
            </param>
          </params>
          <reporter-output>
          </reporter-output>
        </test-method> <!-- registerUser -->
      </class> <!-- WorkingWithreadData.ReadMultipleDataFromDemoWebShop -->
    </test> <!-- Default test -->
  </suite> <!-- Default suite -->
</testng-results>
