<?xml version="1.0" encoding="UTF-8"?>
<!-- Generated by org.testng.reporters.JUnitXMLReporter -->
<testsuite ignored="0" hostname="DESKTOP-F6BA6C8" failures="0" tests="3" name="cosmetic" time="25.147" errors="0" timestamp="2024-03-21T12:20:17 IST">
  <testcase classname="TestScripts.FacesCanada" name="facesCanada" time="21.408"/>
  <testcase classname="TestScripts.ColorBar" name="colorBar" time="22.958"/>
  <testcase classname="TestScripts.LakMe" name="lakMe" time="25.083"/>
</testsuite> <!-- cosmetic -->
