<?xml version="1.0" encoding="UTF-8"?>
<!-- Generated by org.testng.reporters.JUnitXMLReporter -->
<testsuite ignored="0" hostname="DESKTOP-F6BA6C8" failures="0" tests="3" name="online_shop" time="21.721" errors="0" timestamp="2024-03-21T12:20:39 IST">
  <testcase classname="TestScripts.Flipkart" name="flipkart" time="15.523"/>
  <testcase classname="TestScripts.Ajio" name="ajio" time="19.89"/>
  <testcase classname="TestScripts.Amazon" name="amazon" time="21.712"/>
</testsuite> <!-- online_shop -->
